#
# There is insufficient memory for the Java Runtime Environment to continue.
# Native memory allocation (malloc) failed to allocate 163760 bytes for Chunk::new
# Possible reasons:
#   The system is out of physical RAM or swap space
#   In 32 bit mode, the process size limit was hit
# Possible solutions:
#   Reduce memory load on the system
#   Increase physical memory or swap space
#   Check if swap backing store is full
#   Use 64 bit Java on a 64 bit OS
#   Decrease Java heap size (-Xmx/-Xms)
#   Decrease number of Java threads
#   Decrease Java thread stack sizes (-Xss)
#   Set larger code cache with -XX:ReservedCodeCacheSize=
# This output file may be truncated or incomplete.
#
#  Out of Memory Error (allocation.cpp:390), pid=7452, tid=0x0000000000001064
#
# JRE version: Java(TM) SE Runtime Environment (8.0_101-b13) (build 1.8.0_101-b13)
# Java VM: Java HotSpot(TM) 64-Bit Server VM (25.101-b13 mixed mode windows-amd64 compressed oops)
# Failed to write core dump. Minidumps are not enabled by default on client versions of Windows
#

---------------  T H R E A D  ---------------

Current thread (0x0000000054dd7000):  JavaThread "C2 CompilerThread0" daemon [_thread_in_native, id=4196, stack(0x0000000056310000,0x0000000056410000)]

Stack: [0x0000000056310000,0x0000000056410000]
[error occurred during error reporting (printing stack bounds), id 0xc0000005]

Native frames: (J=compiled Java code, j=interpreted, Vv=VM code, C=native code)


Current CompileTask:
C2:   5057 1287       4       com.android.dx.ssa.back.LivenessAnalyzer::run (231 bytes)


---------------  P R O C E S S  ---------------

Java Threads: ( => current thread )
  0x0000000001f4e000 JavaThread "DestroyJavaVM" [_thread_blocked, id=2828, stack(0x0000000002100000,0x0000000002200000)]
  0x0000000054dde800 JavaThread "Service Thread" daemon [_thread_blocked, id=11836, stack(0x0000000056c60000,0x0000000056d60000)]
  0x0000000054ddc000 JavaThread "C1 CompilerThread2" daemon [_thread_blocked, id=7772, stack(0x0000000056500000,0x0000000056600000)]
  0x0000000054ddb000 JavaThread "C2 CompilerThread1" daemon [_thread_in_native, id=9256, stack(0x0000000056600000,0x0000000056700000)]
=>0x0000000054dd7000 JavaThread "C2 CompilerThread0" daemon [_thread_in_native, id=4196, stack(0x0000000056310000,0x0000000056410000)]
  0x0000000054dd2800 JavaThread "Attach Listener" daemon [_thread_blocked, id=8864, stack(0x0000000056040000,0x0000000056140000)]
  0x0000000054dd1000 JavaThread "Signal Dispatcher" daemon [_thread_blocked, id=3500, stack(0x0000000056170000,0x0000000056270000)]
  0x0000000054db9800 JavaThread "Finalizer" daemon [_thread_blocked, id=9956, stack(0x0000000055ef0000,0x0000000055ff0000)]
  0x0000000054d72000 JavaThread "Reference Handler" daemon [_thread_blocked, id=8992, stack(0x0000000055d10000,0x0000000055e10000)]

Other Threads:
  0x0000000054d6a800 VMThread [stack: 0x0000000055bd0000,0x0000000055cd0000] [id=11528]
  0x00000000567ae800 WatcherThread [stack: 0x0000000056e40000,0x0000000056f40000] [id=3324]

VM state:not at safepoint (normal execution)

VM Mutex/Monitor currently owned by a thread: None

Heap:
 PSYoungGen      total 38400K, used 21926K [0x00000000eab00000, 0x00000000ef600000, 0x0000000100000000)
  eden space 33280K, 50% used [0x00000000eab00000,0x00000000ebb718e8,0x00000000ecb80000)
  from space 5120K, 99% used [0x00000000ecb80000,0x00000000ed078088,0x00000000ed080000)
  to   space 5120K, 0% used [0x00000000ef100000,0x00000000ef100000,0x00000000ef600000)
 ParOldGen       total 87552K, used 1096K [0x00000000c0000000, 0x00000000c5580000, 0x00000000eab00000)
  object space 87552K, 1% used [0x00000000c0000000,0x00000000c01120e0,0x00000000c5580000)
 Metaspace       used 6743K, capacity 7416K, committed 7680K, reserved 1056768K
  class space    used 658K, capacity 688K, committed 768K, reserved 1048576K

Card table byte_map: [0x0000000011890000,0x0000000011aa0000] byte_map_base: 0x0000000011290000

Marking Bits: (ParMarkBitMap*) 0x00000000622ea6d0
 Begin Bits: [0x00000000121e0000, 0x00000000131e0000)
 End Bits:   [0x00000000131e0000, 0x00000000141e0000)

Polling page: 0x0000000000110000

CodeCache: size=245760Kb used=6415Kb max_used=6415Kb free=239344Kb
 bounds [0x00000000024d0000, 0x0000000002b20000, 0x00000000114d0000]
 total_blobs=1996 nmethods=1720 adapters=189
 compilation: enabled

Compilation events (10 events):
Event: 4.655 Thread 0x0000000054ddc000 1723       2       com.android.dx.util.ByteArray::getBytes (39 bytes)
Event: 4.655 Thread 0x0000000054ddc000 nmethod 1723 0x0000000002b05bd0 code [0x0000000002b05d40, 0x0000000002b06018]
Event: 4.655 Thread 0x0000000054ddc000 1724       2       com.android.dx.util.ByteArrayAnnotatedOutput::write (9 bytes)
Event: 4.655 Thread 0x0000000054ddc000 nmethod 1724 0x0000000002b06150 code [0x0000000002b062c0, 0x0000000002b06448]
Event: 4.655 Thread 0x0000000054ddc000 1725       2       com.android.dx.util.ByteArrayAnnotatedOutput::write (129 bytes)
Event: 4.656 Thread 0x0000000054ddc000 nmethod 1725 0x0000000002b06510 code [0x0000000002b06720, 0x0000000002b06de8]
Event: 4.656 Thread 0x0000000054ddc000 1719       2       com.android.dx.dex.code.form.Form22c::writeTo (45 bytes)
Event: 4.656 Thread 0x0000000054ddc000 nmethod 1719 0x0000000002b07390 code [0x0000000002b07560, 0x0000000002b078e8]
Event: 4.656 Thread 0x0000000054ddc000 1716       2       com.android.dx.dex.file.CodeItem::writeTo0 (489 bytes)
Event: 4.659 Thread 0x0000000054ddc000 nmethod 1716 0x0000000002b07cd0 code [0x0000000002b082e0, 0x0000000002b0a4a8]

GC Heap History (2 events):
Event: 3.837 GC heap before
{Heap before GC invocations=1 (full 0):
 PSYoungGen      total 38400K, used 33280K [0x00000000eab00000, 0x00000000ed580000, 0x0000000100000000)
  eden space 33280K, 100% used [0x00000000eab00000,0x00000000ecb80000,0x00000000ecb80000)
  from space 5120K, 0% used [0x00000000ed080000,0x00000000ed080000,0x00000000ed580000)
  to   space 5120K, 0% used [0x00000000ecb80000,0x00000000ecb80000,0x00000000ed080000)
 ParOldGen       total 87552K, used 0K [0x00000000c0000000, 0x00000000c5580000, 0x00000000eab00000)
  object space 87552K, 0% used [0x00000000c0000000,0x00000000c0000000,0x00000000c5580000)
 Metaspace       used 6073K, capacity 6962K, committed 7040K, reserved 1056768K
  class space    used 603K, capacity 618K, committed 640K, reserved 1048576K
Event: 3.987 GC heap after
Heap after GC invocations=1 (full 0):
 PSYoungGen      total 38400K, used 5088K [0x00000000eab00000, 0x00000000ef600000, 0x0000000100000000)
  eden space 33280K, 0% used [0x00000000eab00000,0x00000000eab00000,0x00000000ecb80000)
  from space 5120K, 99% used [0x00000000ecb80000,0x00000000ed078088,0x00000000ed080000)
  to   space 5120K, 0% used [0x00000000ef100000,0x00000000ef100000,0x00000000ef600000)
 ParOldGen       total 87552K, used 1096K [0x00000000c0000000, 0x00000000c5580000, 0x00000000eab00000)
  object space 87552K, 1% used [0x00000000c0000000,0x00000000c01120e0,0x00000000c5580000)
 Metaspace       used 6073K, capacity 6962K, committed 7040K, reserved 1056768K
  class space    used 603K, capacity 618K, committed 640K, reserved 1048576K
}

Deoptimization events (10 events):
Event: 4.503 Thread 0x00000000568b0000 Uncommon trap: reason=class_check action=maybe_recompile pc=0x00000000028e4cec method=java.util.HashMap.putVal(ILjava/lang/Object;Ljava/lang/Object;ZZ)Ljava/lang/Object; @ 203
Event: 4.538 Thread 0x00000000568b0000 Uncommon trap: reason=speculate_class_check action=maybe_recompile pc=0x00000000028842bc method=com.android.dx.util.FixedSizeList.equals(Ljava/lang/Object;)Z @ 25
Event: 4.538 Thread 0x00000000568b0000 Uncommon trap: reason=class_check action=maybe_recompile pc=0x000000000288e654 method=java.util.Arrays.equals([Ljava/lang/Object;[Ljava/lang/Object;)Z @ 62
Event: 4.538 Thread 0x00000000568b0000 Uncommon trap: reason=speculate_class_check action=maybe_recompile pc=0x00000000028842bc method=com.android.dx.util.FixedSizeList.equals(Ljava/lang/Object;)Z @ 25
Event: 4.538 Thread 0x00000000568b0000 Uncommon trap: reason=class_check action=maybe_recompile pc=0x000000000288e654 method=java.util.Arrays.equals([Ljava/lang/Object;[Ljava/lang/Object;)Z @ 62
Event: 4.538 Thread 0x00000000568b0000 Uncommon trap: reason=speculate_class_check action=maybe_recompile pc=0x00000000028842bc method=com.android.dx.util.FixedSizeList.equals(Ljava/lang/Object;)Z @ 25
Event: 4.538 Thread 0x00000000568b0000 Uncommon trap: reason=class_check action=maybe_recompile pc=0x000000000288e654 method=java.util.Arrays.equals([Ljava/lang/Object;[Ljava/lang/Object;)Z @ 62
Event: 4.538 Thread 0x00000000568b0000 Uncommon trap: reason=speculate_class_check action=maybe_recompile pc=0x00000000028842bc method=com.android.dx.util.FixedSizeList.equals(Ljava/lang/Object;)Z @ 25
Event: 4.538 Thread 0x00000000568b0000 Uncommon trap: reason=class_check action=maybe_recompile pc=0x000000000288e654 method=java.util.Arrays.equals([Ljava/lang/Object;[Ljava/lang/Object;)Z @ 62
Event: 4.632 Thread 0x00000000568b0000 Uncommon trap: reason=unstable_if action=reinterpret pc=0x000000000278d6fc method=java.lang.Long.numberOfTrailingZeros(J)I @ 3

Internal exceptions (2 events):
Event: 0.515 Thread 0x0000000001f4e000 Exception <a 'java/lang/NoSuchMethodError': Method sun.misc.Unsafe.defineClass(Ljava/lang/String;[BII)Ljava/lang/Class; name or signature does not match> (0x00000000eab07cc0) thrown at [C:\re\workspace\8-2-build-windows-amd64-cygwin\jdk8u101\7261\hotspot\sI«èîî|‡?
Event: 0.515 Thread 0x0000000001f4e000 Exception <a 'java/lang/NoSuchMethodError': Method sun.misc.Unsafe.prefetchRead(Ljava/lang/Object;J)V name or signature does not match> (0x00000000eab07fa8) thrown at [C:\re\workspace\8-2-build-windows-amd64-cygwin\jdk8u101\7261\hotspot\src\share\vm\prims\

Events (10 events):
Event: 4.654 loading class java/security/MessageDigest
Event: 4.654 loading class java/security/MessageDigestSpi
Event: 4.654 loading class java/security/MessageDigestSpi done
Event: 4.654 loading class java/security/MessageDigest done
Event: 4.654 loading class java/security/Security
Event: 4.654 loading class java/security/Security done
Event: 4.655 loading class java/security/Security$1
Event: 4.655 loading class java/security/Security$1 done
Event: 4.655 loading class java/util/Properties$LineReader
Event: 4.655 loading class java/util/Properties$LineReader done


Dynamic libraries:
0x000000013ff30000 - 0x000000013ff67000 	C:\Program Files\Java\jdk1.8.0_101\bin\java.exe
0x00000000774a0000 - 0x000000007764a000 	C:\windows\SYSTEM32\ntdll.dll
0x0000000077380000 - 0x000000007749f000 	C:\windows\system32\kernel32.dll
0x000007fefd260000 - 0x000007fefd2ca000 	C:\windows\system32\KERNELBASE.dll
0x000007fefd890000 - 0x000007fefd96b000 	C:\windows\system32\ADVAPI32.dll
0x000007fefe480000 - 0x000007fefe51f000 	C:\windows\system32\msvcrt.dll
0x000007fefde00000 - 0x000007fefde1f000 	C:\windows\SYSTEM32\sechost.dll
0x000007feff680000 - 0x000007feff7ad000 	C:\windows\system32\RPCRT4.dll
0x0000000077280000 - 0x000000007737a000 	C:\windows\system32\USER32.dll
0x000007fefe520000 - 0x000007fefe587000 	C:\windows\system32\GDI32.dll
0x000007fefe1e0000 - 0x000007fefe1ee000 	C:\windows\system32\LPK.dll
0x000007feff5b0000 - 0x000007feff67a000 	C:\windows\system32\USP10.dll
0x000007fefbb90000 - 0x000007fefbd84000 	C:\windows\WinSxS\amd64_microsoft.windows.common-controls_6595b64144ccf1df_6.0.7601.18837_none_fa3b1e3d17594757\COMCTL32.dll
0x000007fefdd80000 - 0x000007fefddf1000 	C:\windows\system32\SHLWAPI.dll
0x000007fefdc40000 - 0x000007fefdc6e000 	C:\windows\system32\IMM32.DLL
0x000007fefd5a0000 - 0x000007fefd6a9000 	C:\windows\system32\MSCTF.dll
0x00000000642e0000 - 0x00000000643b2000 	C:\Program Files\Java\jdk1.8.0_101\jre\bin\msvcr100.dll
0x0000000061ad0000 - 0x000000006236a000 	C:\Program Files\Java\jdk1.8.0_101\jre\bin\server\jvm.dll
0x000007fef8d80000 - 0x000007fef8d89000 	C:\windows\system32\WSOCK32.dll
0x000007fefdec0000 - 0x000007fefdf0d000 	C:\windows\system32\WS2_32.dll
0x000007fefdc90000 - 0x000007fefdc98000 	C:\windows\system32\NSI.dll
0x000007fefb290000 - 0x000007fefb2cb000 	C:\windows\system32\WINMM.dll
0x000007fefc280000 - 0x000007fefc28c000 	C:\windows\system32\VERSION.dll
0x0000000077670000 - 0x0000000077677000 	C:\windows\system32\PSAPI.DLL
0x0000000074f40000 - 0x0000000074f4f000 	C:\Program Files\Java\jdk1.8.0_101\jre\bin\verify.dll
0x0000000074f00000 - 0x0000000074f29000 	C:\Program Files\Java\jdk1.8.0_101\jre\bin\java.dll
0x0000000074ee0000 - 0x0000000074ef6000 	C:\Program Files\Java\jdk1.8.0_101\jre\bin\zip.dll
0x000007fefe780000 - 0x000007feff50c000 	C:\windows\system32\SHELL32.dll
0x000007fefe270000 - 0x000007fefe473000 	C:\windows\system32\ole32.dll
0x000007fefd1f0000 - 0x000007fefd1ff000 	C:\windows\system32\profapi.dll

VM Arguments:
jvm_args: -Djava.awt.headless=true -Xmx1024M -Dfile.encoding=windows-1252 -Duser.country=US -Duser.language=en -Duser.variant 
java_command: com.android.dx.command.Main --dex --force-jumbo --num-threads=4 --multi-dex --output C:\Users\wildcat\AndroidStudioProjects\SeniorProject\app\build\intermediates\transforms\dex\debug\folders\1000\10\com.android.support-support-core-utils-24.2.0_669561f8493ed2e7e97e3d41d896d12ffa19e7a1 C:\Users\wildcat\AndroidStudioProjects\SeniorProject\app\build\intermediates\exploded-aar\com.android.support\support-core-utils\24.2.0\jars\classes.jar
java_class_path (initial): C:\Users\wildcat\AppData\Local\Android\sdk\build-tools\24.0.2\lib\dx.jar
Launcher Type: SUN_STANDARD

Environment Variables:
PATH=C:\Program Files\Common Files\Microsoft Shared\Windows Live;C:\Program Files (x86)\Common Files\Microsoft Shared\Windows Live;C:\ProgramData\Oracle\Java\javapath;C:\Program Files\Dell\DW WLAN Card;C:\windows\system32;C:\windows;C:\windows\System32\Wbem;C:\windows\System32\WindowsPowerShell\v1.0\;C:\Program Files (x86)\Common Files\Roxio Shared\DLLShared\;C:\Program Files (x86)\QuickTime\QTSystem\;C:\windows\System32\WindowsPowerShell\v1.0\;C:\Program Files (x86)\Windows Live\Shared;C:\Program Files\Microsoft SQL Server\130\Tools\Binn\;C:\Users\wildcat\.dnx\bin;C:\Program Files\Microsoft DNX\Dnvm\;C:\windows\system32\WindowsPowerShell\v1.0\;C:\Python27
USERNAME=wildcat
OS=Windows_NT
PROCESSOR_IDENTIFIER=Intel64 Family 6 Model 60 Stepping 3, GenuineIntel



---------------  S Y S T E M  ---------------

OS: Windows 7 , 64 bit Build 7601 (6.1.7601.23418)

CPU:total 4 (2 cores per cpu, 2 threads per core) family 6 model 60 stepping 3, cmov, cx8, fxsr, mmx, sse, sse2, sse3, ssse3, sse4.1, sse4.2, popcnt, avx, avx2, aes, clmul, erms, lzcnt, ht, tsc, tscinvbit, bmi1, bmi2

Memory: 4k page, physical 8291788k(861144k free), swap 10387080k(40084k free)

vm_info: Java HotSpot(TM) 64-Bit Server VM (25.101-b13) for windows-amd64 JRE (1.8.0_101-b13), built on Jun 22 2016 01:21:29 by "java_re" with MS VC++ 10.0 (VS2010)

time: Wed Sep 07 14:59:23 2016
elapsed time: 5 seconds (0d 0h 0m 5s)

