#
# There is insufficient memory for the Java Runtime Environment to continue.
# Native memory allocation (malloc) failed to allocate 131088 bytes for Chunk::new
# Possible reasons:
#   The system is out of physical RAM or swap space
#   In 32 bit mode, the process size limit was hit
# Possible solutions:
#   Reduce memory load on the system
#   Increase physical memory or swap space
#   Check if swap backing store is full
#   Use 64 bit Java on a 64 bit OS
#   Decrease Java heap size (-Xmx/-Xms)
#   Decrease number of Java threads
#   Decrease Java thread stack sizes (-Xss)
#   Set larger code cache with -XX:ReservedCodeCacheSize=
# This output file may be truncated or incomplete.
#
#  Out of Memory Error (allocation.cpp:390), pid=9940, tid=0x0000000000001f00
#
# JRE version: Java(TM) SE Runtime Environment (8.0_101-b13) (build 1.8.0_101-b13)
# Java VM: Java HotSpot(TM) 64-Bit Server VM (25.101-b13 mixed mode windows-amd64 compressed oops)
# Failed to write core dump. Minidumps are not enabled by default on client versions of Windows
#

---------------  T H R E A D  ---------------

Current thread (0x0000000054e77000):  JavaThread "C2 CompilerThread0" daemon [_thread_in_native, id=7936, stack(0x00000000562b0000,0x00000000563b0000)]

Stack: [0x00000000562b0000,0x00000000563b0000]
[error occurred during error reporting (printing stack bounds), id 0xc0000005]

Native frames: (J=compiled Java code, j=interpreted, Vv=VM code, C=native code)


Current CompileTask:
C2:  18800 1843       4       com.android.dx.rop.code.Rops::ropFor (771 bytes)


---------------  P R O C E S S  ---------------

Java Threads: ( => current thread )
  0x0000000056b39000 JavaThread "pool-2-thread-4" [_thread_blocked, id=4320, stack(0x0000000057fc0000,0x00000000580c0000)]
  0x0000000056b34000 JavaThread "pool-2-thread-3" [_thread_blocked, id=5580, stack(0x0000000057e40000,0x0000000057f40000)]
  0x0000000056b9c000 JavaThread "pool-2-thread-2" [_thread_blocked, id=4728, stack(0x0000000057cc0000,0x0000000057dc0000)]
  0x0000000056b9b000 JavaThread "pool-3-thread-1" [_thread_blocked, id=9820, stack(0x0000000057aa0000,0x0000000057ba0000)]
  0x0000000056b9e000 JavaThread "pool-2-thread-1" [_thread_blocked, id=10176, stack(0x00000000578a0000,0x00000000579a0000)]
  0x0000000054e7e800 JavaThread "Service Thread" daemon [_thread_blocked, id=9668, stack(0x0000000056d20000,0x0000000056e20000)]
  0x0000000054e7c000 JavaThread "C1 CompilerThread2" daemon [_thread_blocked, id=8692, stack(0x00000000567c0000,0x00000000568c0000)]
  0x0000000054e7b000 JavaThread "C2 CompilerThread1" daemon [_thread_in_native, id=1364, stack(0x00000000565f0000,0x00000000566f0000)]
=>0x0000000054e77000 JavaThread "C2 CompilerThread0" daemon [_thread_in_native, id=7936, stack(0x00000000562b0000,0x00000000563b0000)]
  0x0000000054e72800 JavaThread "Attach Listener" daemon [_thread_blocked, id=8328, stack(0x0000000056430000,0x0000000056530000)]
  0x0000000054e71000 JavaThread "Signal Dispatcher" daemon [_thread_blocked, id=12212, stack(0x0000000055cc0000,0x0000000055dc0000)]
  0x0000000054e59800 JavaThread "Finalizer" daemon [_thread_blocked, id=5516, stack(0x00000000561b0000,0x00000000562b0000)]
  0x0000000054e12000 JavaThread "Reference Handler" daemon [_thread_blocked, id=8368, stack(0x0000000055ff0000,0x00000000560f0000)]
  0x0000000001eee000 JavaThread "main" [_thread_in_native, id=5052, stack(0x00000000020c0000,0x00000000021c0000)]

Other Threads:
  0x0000000054e0a800 VMThread [stack: 0x0000000055dd0000,0x0000000055ed0000] [id=9360]
  0x000000005694f800 WatcherThread [stack: 0x0000000056f50000,0x0000000057050000] [id=12044]

VM state:not at safepoint (normal execution)

VM Mutex/Monitor currently owned by a thread: None

Heap:
 PSYoungGen      total 38400K, used 23118K [0x00000000eab00000, 0x00000000ef600000, 0x0000000100000000)
  eden space 33280K, 54% used [0x00000000eab00000,0x00000000ebc93bc8,0x00000000ecb80000)
  from space 5120K, 100% used [0x00000000ecb80000,0x00000000ed080000,0x00000000ed080000)
  to   space 5120K, 0% used [0x00000000ef100000,0x00000000ef100000,0x00000000ef600000)
 ParOldGen       total 87552K, used 9574K [0x00000000c0000000, 0x00000000c5580000, 0x00000000eab00000)
  object space 87552K, 10% used [0x00000000c0000000,0x00000000c09598f0,0x00000000c5580000)
 Metaspace       used 6314K, capacity 7154K, committed 7296K, reserved 1056768K
  class space    used 604K, capacity 618K, committed 640K, reserved 1048576K

Card table byte_map: [0x0000000011850000,0x0000000011a60000] byte_map_base: 0x0000000011250000

Marking Bits: (ParMarkBitMap*) 0x00000000622ea6d0
 Begin Bits: [0x0000000012280000, 0x0000000013280000)
 End Bits:   [0x0000000013280000, 0x0000000014280000)

Polling page: 0x0000000000310000

CodeCache: size=245760Kb used=8082Kb max_used=8127Kb free=237677Kb
 bounds [0x0000000002490000, 0x0000000002c90000, 0x0000000011490000]
 total_blobs=2105 nmethods=1832 adapters=182
 compilation: enabled

Compilation events (10 events):
Event: 18.006 Thread 0x0000000054e7c000 1858       2       com.android.dx.ssa.PhiInsn::updateSourcesToDefinitions (68 bytes)
Event: 18.007 Thread 0x0000000054e7c000 nmethod 1858 0x0000000002c5f090 code [0x0000000002c5f240, 0x0000000002c5f5f8]
Event: 18.007 Thread 0x0000000054e7c000 1859       2       com.android.dx.ssa.PhiInsn::changeResultType (17 bytes)
Event: 18.007 Thread 0x0000000054e7c000 nmethod 1859 0x0000000002c5f990 code [0x0000000002c5fb00, 0x0000000002c5fd38]
Event: 18.007 Thread 0x0000000054e7c000 1860       2       java.util.ArrayList$SubList::get (23 bytes)
Event: 18.009 Thread 0x0000000054e7b000 

Event: 18.010 Thread 0x0000000054e7c000 

Event: 18.011 Thread 0x0000000054e7b000 1862       4       com.android.dx.dex.code.RopTranslator$TranslationVisitor::visitPlainInsn (161 bytes)
Event: 18.057 Thread 0x0000000054e7b000 nmethod 1862 0x0000000002c64010 code [0x0000000002c64240, 0x0000000002c65748]
Event: 18.057 Thread 0x0000000054e7b000 1864   !   4       com.android.dx.cf.code.BytecodeArray::parseInstruction (2764 bytes)

GC Heap History (6 events):
Event: 12.744 GC heap before
{Heap before GC invocations=1 (full 0):
 PSYoungGen      total 38400K, used 33280K [0x00000000eab00000, 0x00000000ed580000, 0x0000000100000000)
  eden space 33280K, 100% used [0x00000000eab00000,0x00000000ecb80000,0x00000000ecb80000)
  from space 5120K, 0% used [0x00000000ed080000,0x00000000ed080000,0x00000000ed580000)
  to   space 5120K, 0% used [0x00000000ecb80000,0x00000000ecb80000,0x00000000ed080000)
 ParOldGen       total 87552K, used 0K [0x00000000c0000000, 0x00000000c5580000, 0x00000000eab00000)
  object space 87552K, 0% used [0x00000000c0000000,0x00000000c0000000,0x00000000c5580000)
 Metaspace       used 6033K, capacity 6962K, committed 7040K, reserved 1056768K
  class space    used 604K, capacity 618K, committed 640K, reserved 1048576K
Event: 12.767 GC heap after
Heap after GC invocations=1 (full 0):
 PSYoungGen      total 38400K, used 5112K [0x00000000eab00000, 0x00000000ed580000, 0x0000000100000000)
  eden space 33280K, 0% used [0x00000000eab00000,0x00000000eab00000,0x00000000ecb80000)
  from space 5120K, 99% used [0x00000000ecb80000,0x00000000ed07e068,0x00000000ed080000)
  to   space 5120K, 0% used [0x00000000ed080000,0x00000000ed080000,0x00000000ed580000)
 ParOldGen       total 87552K, used 467K [0x00000000c0000000, 0x00000000c5580000, 0x00000000eab00000)
  object space 87552K, 0% used [0x00000000c0000000,0x00000000c0074eb8,0x00000000c5580000)
 Metaspace       used 6033K, capacity 6962K, committed 7040K, reserved 1056768K
  class space    used 604K, capacity 618K, committed 640K, reserved 1048576K
}
Event: 14.167 GC heap before
{Heap before GC invocations=2 (full 0):
 PSYoungGen      total 38400K, used 38392K [0x00000000eab00000, 0x00000000ed580000, 0x0000000100000000)
  eden space 33280K, 100% used [0x00000000eab00000,0x00000000ecb80000,0x00000000ecb80000)
  from space 5120K, 99% used [0x00000000ecb80000,0x00000000ed07e068,0x00000000ed080000)
  to   space 5120K, 0% used [0x00000000ed080000,0x00000000ed080000,0x00000000ed580000)
 ParOldGen       total 87552K, used 467K [0x00000000c0000000, 0x00000000c5580000, 0x00000000eab00000)
  object space 87552K, 0% used [0x00000000c0000000,0x00000000c0074eb8,0x00000000c5580000)
 Metaspace       used 6229K, capacity 7090K, committed 7296K, reserved 1056768K
  class space    used 604K, capacity 618K, committed 640K, reserved 1048576K
Event: 14.213 GC heap after
Heap after GC invocations=2 (full 0):
 PSYoungGen      total 38400K, used 5111K [0x00000000eab00000, 0x00000000ef600000, 0x0000000100000000)
  eden space 33280K, 0% used [0x00000000eab00000,0x00000000eab00000,0x00000000ecb80000)
  from space 5120K, 99% used [0x00000000ed080000,0x00000000ed57dc60,0x00000000ed580000)
  to   space 5120K, 0% used [0x00000000ecb80000,0x00000000ecb80000,0x00000000ed080000)
 ParOldGen       total 87552K, used 4299K [0x00000000c0000000, 0x00000000c5580000, 0x00000000eab00000)
  object space 87552K, 4% used [0x00000000c0000000,0x00000000c0432c30,0x00000000c5580000)
 Metaspace       used 6229K, capacity 7090K, committed 7296K, reserved 1056768K
  class space    used 604K, capacity 618K, committed 640K, reserved 1048576K
}
Event: 16.451 GC heap before
{Heap before GC invocations=3 (full 0):
 PSYoungGen      total 38400K, used 38391K [0x00000000eab00000, 0x00000000ef600000, 0x0000000100000000)
  eden space 33280K, 100% used [0x00000000eab00000,0x00000000ecb80000,0x00000000ecb80000)
  from space 5120K, 99% used [0x00000000ed080000,0x00000000ed57dc60,0x00000000ed580000)
  to   space 5120K, 0% used [0x00000000ecb80000,0x00000000ecb80000,0x00000000ed080000)
 ParOldGen       total 87552K, used 4299K [0x00000000c0000000, 0x00000000c5580000, 0x00000000eab00000)
  object space 87552K, 4% used [0x00000000c0000000,0x00000000c0432c30,0x00000000c5580000)
 Metaspace       used 6304K, capacity 7154K, committed 7296K, reserved 1056768K
  class space    used 604K, capacity 618K, committed 640K, reserved 1048576K
Event: 16.673 GC heap after
Heap after GC invocations=3 (full 0):
 PSYoungGen      total 38400K, used 5120K [0x00000000eab00000, 0x00000000ef600000, 0x0000000100000000)
  eden space 33280K, 0% used [0x00000000eab00000,0x00000000eab00000,0x00000000ecb80000)
  from space 5120K, 100% used [0x00000000ecb80000,0x00000000ed080000,0x00000000ed080000)
  to   space 5120K, 0% used [0x00000000ef100000,0x00000000ef100000,0x00000000ef600000)
 ParOldGen       total 87552K, used 9574K [0x00000000c0000000, 0x00000000c5580000, 0x00000000eab00000)
  object space 87552K, 10% used [0x00000000c0000000,0x00000000c09598f0,0x00000000c5580000)
 Metaspace       used 6304K, capacity 7154K, committed 7296K, reserved 1056768K
  class space    used 604K, capacity 618K, committed 640K, reserved 1048576K
}

Deoptimization events (10 events):
Event: 17.958 Thread 0x0000000056b34000 Uncommon trap: reason=bimorphic action=maybe_recompile pc=0x0000000002c47d44 method=com.android.dx.cf.code.RopperMachine.run(Lcom/android/dx/cf/code/Frame;II)V @ 988
Event: 17.987 Thread 0x0000000056b34000 Uncommon trap: reason=bimorphic action=maybe_recompile pc=0x00000000028f91e0 method=java.util.HashMap.getNode(ILjava/lang/Object;)Ljava/util/HashMap$Node; @ 126
Event: 17.992 Thread 0x0000000056b34000 Uncommon trap: reason=bimorphic action=maybe_recompile pc=0x00000000028f91e0 method=java.util.HashMap.getNode(ILjava/lang/Object;)Ljava/util/HashMap$Node; @ 126
Event: 17.994 Thread 0x0000000001eee000 Uncommon trap: reason=unstable_if action=reinterpret pc=0x00000000029e2468 method=com.android.dx.rop.cst.StdConstantPool.set(ILcom/android/dx/rop/cst/Constant;)V @ 12
Event: 18.001 Thread 0x0000000056b39000 Uncommon trap: reason=bimorphic action=maybe_recompile pc=0x0000000002be7f00 method=com.android.dx.ssa.SCCP.simulatePhi(Lcom/android/dx/ssa/PhiInsn;)V @ 124
Event: 18.001 Thread 0x0000000056b39000 Uncommon trap: reason=bimorphic action=maybe_recompile pc=0x0000000002b3cb00 method=com.android.dx.ssa.LiteralOpUpgrader.tryReplacingWithConstant(Lcom/android/dx/ssa/NormalSsaInsn;)Z @ 62
Event: 18.005 Thread 0x0000000056b39000 Uncommon trap: reason=bimorphic action=maybe_recompile pc=0x0000000002be7f00 method=com.android.dx.ssa.SCCP.simulatePhi(Lcom/android/dx/ssa/PhiInsn;)V @ 124
Event: 18.005 Thread 0x0000000056b39000 Uncommon trap: reason=bimorphic action=maybe_recompile pc=0x0000000002b3cb00 method=com.android.dx.ssa.LiteralOpUpgrader.tryReplacingWithConstant(Lcom/android/dx/ssa/NormalSsaInsn;)Z @ 62
Event: 18.009 Thread 0x0000000056b9e000 Uncommon trap: reason=bimorphic action=maybe_recompile pc=0x0000000002c275b4 method=com.android.dx.cf.code.BytecodeArray.parseInstruction(ILcom/android/dx/cf/code/BytecodeArray$Visitor;)I @ 1357
Event: 18.010 Thread 0x0000000056b9e000 Uncommon trap: reason=bimorphic action=maybe_recompile pc=0x0000000002c275b4 method=com.android.dx.cf.code.BytecodeArray.parseInstruction(ILcom/android/dx/cf/code/BytecodeArray$Visitor;)I @ 1357

Internal exceptions (4 events):
Event: 0.239 Thread 0x0000000001eee000 Exception <a 'java/lang/NoSuchMethodError': Method sun.misc.Unsafe.defineClass(Ljava/lang/String;[BII)Ljava/lang/Class; name or signature does not match> (0x00000000eab07cc0) thrown at [C:\re\workspace\8-2-build-windows-amd64-cygwin\jdk8u101\7261\hotspot\s6º¢vºŒ?
Event: 0.240 Thread 0x0000000001eee000 Exception <a 'java/lang/NoSuchMethodError': Method sun.misc.Unsafe.prefetchRead(Ljava/lang/Object;J)V name or signature does not match> (0x00000000eab07fa8) thrown at [C:\re\workspace\8-2-build-windows-amd64-cygwin\jdk8u101\7261\hotspot\src\share\vm\prims\ô}ŒÍ÷¢+@
Event: 13.818 Thread 0x0000000056b39000 Implicit null exception at 0x000000000281b668 to 0x000000000281c2f5
Event: 14.099 Thread 0x0000000056b34000 Implicit null exception at 0x00000000029df152 to 0x00000000029df24a

Events (10 events):
Event: 18.005 Thread 0x0000000056b39000 DEOPT PACKING pc=0x0000000002b3cb00 sp=0x00000000580be820
Event: 18.005 Thread 0x0000000056b39000 DEOPT UNPACKING pc=0x00000000024d582a sp=0x00000000580be708 mode 2
Event: 18.007 Thread 0x0000000054e7c000 flushing nmethod 0x0000000002599290
Event: 18.007 Thread 0x0000000054e7c000 flushing nmethod 0x000000000259ac90
Event: 18.009 Thread 0x0000000056b9e000 Uncommon trap: trap_request=0xffffffc6 fr.pc=0x0000000002c275b4
Event: 18.010 Thread 0x0000000056b9e000 DEOPT PACKING pc=0x0000000002c275b4 sp=0x000000005799e5e0
Event: 18.010 Thread 0x0000000056b9e000 DEOPT UNPACKING pc=0x00000000024d582a sp=0x000000005799e590 mode 2
Event: 18.010 Thread 0x0000000056b9e000 Uncommon trap: trap_request=0xffffffc6 fr.pc=0x0000000002c275b4
Event: 18.010 Thread 0x0000000056b9e000 DEOPT PACKING pc=0x0000000002c275b4 sp=0x000000005799e430
Event: 18.010 Thread 0x0000000056b9e000 DEOPT UNPACKING pc=0x00000000024d582a sp=0x000000005799e3e0 mode 2


Dynamic libraries:
0x000000013ff30000 - 0x000000013ff67000 	C:\Program Files\Java\jdk1.8.0_101\bin\java.exe
0x00000000774a0000 - 0x000000007764a000 	C:\windows\SYSTEM32\ntdll.dll
0x0000000077380000 - 0x000000007749f000 	C:\windows\system32\kernel32.dll
0x000007fefd260000 - 0x000007fefd2ca000 	C:\windows\system32\KERNELBASE.dll
0x000007fefd890000 - 0x000007fefd96b000 	C:\windows\system32\ADVAPI32.dll
0x000007fefe480000 - 0x000007fefe51f000 	C:\windows\system32\msvcrt.dll
0x000007fefde00000 - 0x000007fefde1f000 	C:\windows\SYSTEM32\sechost.dll
0x000007feff680000 - 0x000007feff7ad000 	C:\windows\system32\RPCRT4.dll
0x0000000077280000 - 0x000000007737a000 	C:\windows\system32\USER32.dll
0x000007fefe520000 - 0x000007fefe587000 	C:\windows\system32\GDI32.dll
0x000007fefe1e0000 - 0x000007fefe1ee000 	C:\windows\system32\LPK.dll
0x000007feff5b0000 - 0x000007feff67a000 	C:\windows\system32\USP10.dll
0x000007fefbb90000 - 0x000007fefbd84000 	C:\windows\WinSxS\amd64_microsoft.windows.common-controls_6595b64144ccf1df_6.0.7601.18837_none_fa3b1e3d17594757\COMCTL32.dll
0x000007fefdd80000 - 0x000007fefddf1000 	C:\windows\system32\SHLWAPI.dll
0x000007fefdc40000 - 0x000007fefdc6e000 	C:\windows\system32\IMM32.DLL
0x000007fefd5a0000 - 0x000007fefd6a9000 	C:\windows\system32\MSCTF.dll
0x00000000642e0000 - 0x00000000643b2000 	C:\Program Files\Java\jdk1.8.0_101\jre\bin\msvcr100.dll
0x0000000061ad0000 - 0x000000006236a000 	C:\Program Files\Java\jdk1.8.0_101\jre\bin\server\jvm.dll
0x000007fef8d80000 - 0x000007fef8d89000 	C:\windows\system32\WSOCK32.dll
0x000007fefdec0000 - 0x000007fefdf0d000 	C:\windows\system32\WS2_32.dll
0x000007fefdc90000 - 0x000007fefdc98000 	C:\windows\system32\NSI.dll
0x000007fefb290000 - 0x000007fefb2cb000 	C:\windows\system32\WINMM.dll
0x000007fefc280000 - 0x000007fefc28c000 	C:\windows\system32\VERSION.dll
0x0000000077670000 - 0x0000000077677000 	C:\windows\system32\PSAPI.DLL
0x0000000074f40000 - 0x0000000074f4f000 	C:\Program Files\Java\jdk1.8.0_101\jre\bin\verify.dll
0x0000000074f00000 - 0x0000000074f29000 	C:\Program Files\Java\jdk1.8.0_101\jre\bin\java.dll
0x0000000074ee0000 - 0x0000000074ef6000 	C:\Program Files\Java\jdk1.8.0_101\jre\bin\zip.dll
0x000007fefe780000 - 0x000007feff50c000 	C:\windows\system32\SHELL32.dll
0x000007fefe270000 - 0x000007fefe473000 	C:\windows\system32\ole32.dll
0x000007fefd1f0000 - 0x000007fefd1ff000 	C:\windows\system32\profapi.dll

VM Arguments:
jvm_args: -Djava.awt.headless=true -Xmx1024M -Dfile.encoding=windows-1252 -Duser.country=US -Duser.language=en -Duser.variant 
java_command: com.android.dx.command.Main --dex --force-jumbo --num-threads=4 --multi-dex --output C:\Users\wildcat\AndroidStudioProjects\SeniorProject\app\build\intermediates\transforms\dex\debug\folders\1000\10\com.android.support-support-compat-24.2.0_4fc93af3f9787edca30223dc44de798f7141bec0 C:\Users\wildcat\AndroidStudioProjects\SeniorProject\app\build\intermediates\exploded-aar\com.android.support\support-compat\24.2.0\jars\classes.jar
java_class_path (initial): C:\Users\wildcat\AppData\Local\Android\sdk\build-tools\24.0.2\lib\dx.jar
Launcher Type: SUN_STANDARD

Environment Variables:
PATH=C:\Program Files\Common Files\Microsoft Shared\Windows Live;C:\Program Files (x86)\Common Files\Microsoft Shared\Windows Live;C:\ProgramData\Oracle\Java\javapath;C:\Program Files\Dell\DW WLAN Card;C:\windows\system32;C:\windows;C:\windows\System32\Wbem;C:\windows\System32\WindowsPowerShell\v1.0\;C:\Program Files (x86)\Common Files\Roxio Shared\DLLShared\;C:\Program Files (x86)\QuickTime\QTSystem\;C:\windows\System32\WindowsPowerShell\v1.0\;C:\Program Files (x86)\Windows Live\Shared;C:\Program Files\Microsoft SQL Server\130\Tools\Binn\;C:\Users\wildcat\.dnx\bin;C:\Program Files\Microsoft DNX\Dnvm\;C:\windows\system32\WindowsPowerShell\v1.0\;C:\Python27
USERNAME=wildcat
OS=Windows_NT
PROCESSOR_IDENTIFIER=Intel64 Family 6 Model 60 Stepping 3, GenuineIntel



---------------  S Y S T E M  ---------------

OS: Windows 7 , 64 bit Build 7601 (6.1.7601.23418)

CPU:total 4 (2 cores per cpu, 2 threads per core) family 6 model 60 stepping 3, cmov, cx8, fxsr, mmx, sse, sse2, sse3, ssse3, sse4.1, sse4.2, popcnt, avx, avx2, aes, clmul, erms, lzcnt, ht, tsc, tscinvbit, bmi1, bmi2

Memory: 4k page, physical 8291788k(861344k free), swap 10387080k(40100k free)

vm_info: Java HotSpot(TM) 64-Bit Server VM (25.101-b13) for windows-amd64 JRE (1.8.0_101-b13), built on Jun 22 2016 01:21:29 by "java_re" with MS VC++ 10.0 (VS2010)

time: Wed Sep 07 14:59:23 2016
elapsed time: 19 seconds (0d 0h 0m 19s)

