#
# There is insufficient memory for the Java Runtime Environment to continue.
# Native memory allocation (malloc) failed to allocate 115056 bytes for Chunk::new
# Possible reasons:
#   The system is out of physical RAM or swap space
#   In 32 bit mode, the process size limit was hit
# Possible solutions:
#   Reduce memory load on the system
#   Increase physical memory or swap space
#   Check if swap backing store is full
#   Use 64 bit Java on a 64 bit OS
#   Decrease Java heap size (-Xmx/-Xms)
#   Decrease number of Java threads
#   Decrease Java thread stack sizes (-Xss)
#   Set larger code cache with -XX:ReservedCodeCacheSize=
# This output file may be truncated or incomplete.
#
#  Out of Memory Error (allocation.cpp:390), pid=9400, tid=0x0000000000002220
#
# JRE version: Java(TM) SE Runtime Environment (8.0_101-b13) (build 1.8.0_101-b13)
# Java VM: Java HotSpot(TM) 64-Bit Server VM (25.101-b13 mixed mode windows-amd64 compressed oops)
# Failed to write core dump. Minidumps are not enabled by default on client versions of Windows
#

---------------  T H R E A D  ---------------

Current thread (0x0000000054d27000):  JavaThread "C2 CompilerThread0" daemon [_thread_in_native, id=8736, stack(0x00000000565d0000,0x00000000566d0000)]

Stack: [0x00000000565d0000,0x00000000566d0000]
[error occurred during error reporting (printing stack bounds), id 0xc0000005]

Native frames: (J=compiled Java code, j=interpreted, Vv=VM code, C=native code)


Current CompileTask:
C2:   4052  695       4       java.util.HashSet::contains (9 bytes)


---------------  P R O C E S S  ---------------

Java Threads: ( => current thread )
  0x00000000570a8800 JavaThread "pool-2-thread-4" [_thread_in_Java, id=9036, stack(0x0000000057c30000,0x0000000057d30000)]
  0x000000005709d800 JavaThread "pool-2-thread-3" [_thread_in_Java, id=9016, stack(0x0000000057f70000,0x0000000058070000)]
  0x000000005709c800 JavaThread "pool-2-thread-2" [_thread_in_Java, id=4952, stack(0x0000000057dd0000,0x0000000057ed0000)]
  0x0000000056a2c800 JavaThread "pool-3-thread-1" [_thread_blocked, id=2792, stack(0x0000000057b30000,0x0000000057c30000)]
  0x000000005698f000 JavaThread "pool-2-thread-1" [_thread_in_Java, id=7508, stack(0x0000000057950000,0x0000000057a50000)]
  0x0000000056755800 JavaThread "Service Thread" daemon [_thread_blocked, id=9800, stack(0x0000000056b00000,0x0000000056c00000)]
  0x00000000566d2000 JavaThread "C1 CompilerThread2" daemon [_thread_blocked, id=10560, stack(0x0000000056dc0000,0x0000000056ec0000)]
  0x00000000566d1000 JavaThread "C2 CompilerThread1" daemon [_thread_blocked, id=8364, stack(0x0000000056c10000,0x0000000056d10000)]
=>0x0000000054d27000 JavaThread "C2 CompilerThread0" daemon [_thread_in_native, id=8736, stack(0x00000000565d0000,0x00000000566d0000)]
  0x0000000054d22800 JavaThread "Attach Listener" daemon [_thread_blocked, id=6736, stack(0x00000000563e0000,0x00000000564e0000)]
  0x0000000054d21000 JavaThread "Signal Dispatcher" daemon [_thread_blocked, id=8636, stack(0x00000000561f0000,0x00000000562f0000)]
  0x0000000054d09800 JavaThread "Finalizer" daemon [_thread_blocked, id=9200, stack(0x0000000055fb0000,0x00000000560b0000)]
  0x0000000054cc2000 JavaThread "Reference Handler" daemon [_thread_blocked, id=2976, stack(0x0000000055cf0000,0x0000000055df0000)]
  0x00000000002fe000 JavaThread "main" [_thread_in_Java, id=6948, stack(0x0000000002150000,0x0000000002250000)]

Other Threads:
  0x0000000054cba800 VMThread [stack: 0x0000000055e00000,0x0000000055f00000] [id=1456]
  0x000000005675c800 WatcherThread [stack: 0x0000000056f90000,0x0000000057090000] [id=4996]

VM state:not at safepoint (normal execution)

VM Mutex/Monitor currently owned by a thread: None

Heap:
 PSYoungGen      total 38400K, used 20001K [0x00000000eab00000, 0x00000000ed580000, 0x0000000100000000)
  eden space 33280K, 44% used [0x00000000eab00000,0x00000000eb98e850,0x00000000ecb80000)
  from space 5120K, 99% used [0x00000000ecb80000,0x00000000ed079c78,0x00000000ed080000)
  to   space 5120K, 0% used [0x00000000ed080000,0x00000000ed080000,0x00000000ed580000)
 ParOldGen       total 87552K, used 1598K [0x00000000c0000000, 0x00000000c5580000, 0x00000000eab00000)
  object space 87552K, 1% used [0x00000000c0000000,0x00000000c018fbc8,0x00000000c5580000)
 Metaspace       used 5957K, capacity 6898K, committed 7040K, reserved 1056768K
  class space    used 603K, capacity 618K, committed 640K, reserved 1048576K

Card table byte_map: [0x00000000118e0000,0x0000000011af0000] byte_map_base: 0x00000000112e0000

Marking Bits: (ParMarkBitMap*) 0x00000000622ea6d0
 Begin Bits: [0x0000000012130000, 0x0000000013130000)
 End Bits:   [0x0000000013130000, 0x0000000014130000)

Polling page: 0x0000000000220000

CodeCache: size=245760Kb used=2800Kb max_used=2800Kb free=242959Kb
 bounds [0x0000000002520000, 0x00000000027e0000, 0x0000000011520000]
 total_blobs=972 nmethods=702 adapters=182
 compilation: disabled (not enough contiguous free space left)

Compilation events (10 events):
Event: 3.239 Thread 0x00000000566d2000  700       3       com.android.dx.ssa.LiteralOpUpgrader::tryReplacingWithConstant (161 bytes)
Event: 3.241 Thread 0x00000000566d2000 nmethod 700 0x00000000027d3110 code [0x00000000027d33c0, 0x00000000027d4898]
Event: 3.242 Thread 0x00000000566d2000  701       3       com.android.dx.ssa.back.LivenessAnalyzer::liveOutAtBlock (68 bytes)
Event: 3.243 Thread 0x00000000566d2000 nmethod 701 0x00000000027dc750 code [0x00000000027dc960, 0x00000000027dd3e8]
Event: 3.243 Thread 0x00000000566d2000  702       3       com.android.dx.rop.code.LocalItem::compareHandlesNulls (25 bytes)
Event: 3.244 Thread 0x00000000566d2000 nmethod 702 0x00000000027d21d0 code [0x00000000027d23a0, 0x00000000027d2cb8]
Event: 3.244 Thread 0x00000000566d2000  703       3       com.android.dx.ssa.back.FirstFitLocalCombiningAllocator$1::visitNonMoveInsn (6 bytes)
Event: 3.244 Thread 0x00000000566d2000 nmethod 703 0x00000000027dd9d0 code [0x00000000027ddb40, 0x00000000027ddcc8]
Event: 3.244 Thread 0x00000000566d2000  704       3       com.android.dx.ssa.back.FirstFitLocalCombiningAllocator$1::processInsn (169 bytes)
Event: 3.248 Thread 0x00000000566d2000 


GC Heap History (0 events):
No events

Deoptimization events (2 events):
Event: 2.939 Thread 0x00000000570a8800 Uncommon trap: reason=unstable_if action=reinterpret pc=0x000000000272b9e0 method=java.util.BitSet.nextSetBit(I)I @ 87
Event: 3.223 Thread 0x000000005709c800 Uncommon trap: reason=unstable_if action=reinterpret pc=0x0000000002722934 method=java.util.HashMap.getNode(ILjava/lang/Object;)Ljava/util/HashMap$Node; @ 62

Internal exceptions (2 events):
Event: 0.063 Thread 0x00000000002fe000 Exception <a 'java/lang/NoSuchMethodError': Method sun.misc.Unsafe.defineClass(Ljava/lang/String;[BII)Ljava/lang/Class; name or signature does not match> (0x00000000eab07cc0) thrown at [C:\re\workspace\8-2-build-windows-amd64-cygwin\jdk8u101\7261\hotspot\s×Àhd0°?
Event: 0.063 Thread 0x00000000002fe000 Exception <a 'java/lang/NoSuchMethodError': Method sun.misc.Unsafe.prefetchRead(Ljava/lang/Object;J)V name or signature does not match> (0x00000000eab07fa8) thrown at [C:\re\workspace\8-2-build-windows-amd64-cygwin\jdk8u101\7261\hotspot\src\share\vm\prims\

Events (10 events):
Event: 3.705 loading class com/android/dx/cf/attrib/AttLocalVariableTypeTable
Event: 3.705 loading class com/android/dx/cf/attrib/AttLocalVariableTypeTable done
Event: 3.712 loading class com/android/dx/ssa/back/FirstFitLocalCombiningAllocator$Multiset
Event: 3.712 loading class com/android/dx/ssa/back/FirstFitLocalCombiningAllocator$Multiset done
Event: 3.715 loading class com/android/dx/cf/code/Ropper$ExceptionHandlerSetup
Event: 3.715 loading class com/android/dx/cf/code/Ropper$ExceptionHandlerSetup done
Event: 3.716 loading class java/util/HashMap$Values
Event: 3.716 loading class java/util/HashMap$Values done
Event: 3.716 loading class java/util/HashMap$ValueIterator
Event: 3.716 loading class java/util/HashMap$ValueIterator done


Dynamic libraries:
0x000000013ff30000 - 0x000000013ff67000 	C:\Program Files\Java\jdk1.8.0_101\bin\java.exe
0x00000000774a0000 - 0x000000007764a000 	C:\windows\SYSTEM32\ntdll.dll
0x0000000077380000 - 0x000000007749f000 	C:\windows\system32\kernel32.dll
0x000007fefd260000 - 0x000007fefd2ca000 	C:\windows\system32\KERNELBASE.dll
0x000007fefd890000 - 0x000007fefd96b000 	C:\windows\system32\ADVAPI32.dll
0x000007fefe480000 - 0x000007fefe51f000 	C:\windows\system32\msvcrt.dll
0x000007fefde00000 - 0x000007fefde1f000 	C:\windows\SYSTEM32\sechost.dll
0x000007feff680000 - 0x000007feff7ad000 	C:\windows\system32\RPCRT4.dll
0x0000000077280000 - 0x000000007737a000 	C:\windows\system32\USER32.dll
0x000007fefe520000 - 0x000007fefe587000 	C:\windows\system32\GDI32.dll
0x000007fefe1e0000 - 0x000007fefe1ee000 	C:\windows\system32\LPK.dll
0x000007feff5b0000 - 0x000007feff67a000 	C:\windows\system32\USP10.dll
0x000007fefbb90000 - 0x000007fefbd84000 	C:\windows\WinSxS\amd64_microsoft.windows.common-controls_6595b64144ccf1df_6.0.7601.18837_none_fa3b1e3d17594757\COMCTL32.dll
0x000007fefdd80000 - 0x000007fefddf1000 	C:\windows\system32\SHLWAPI.dll
0x000007fefdc40000 - 0x000007fefdc6e000 	C:\windows\system32\IMM32.DLL
0x000007fefd5a0000 - 0x000007fefd6a9000 	C:\windows\system32\MSCTF.dll
0x00000000642e0000 - 0x00000000643b2000 	C:\Program Files\Java\jdk1.8.0_101\jre\bin\msvcr100.dll
0x0000000061ad0000 - 0x000000006236a000 	C:\Program Files\Java\jdk1.8.0_101\jre\bin\server\jvm.dll
0x000007fef8d80000 - 0x000007fef8d89000 	C:\windows\system32\WSOCK32.dll
0x000007fefdec0000 - 0x000007fefdf0d000 	C:\windows\system32\WS2_32.dll
0x000007fefdc90000 - 0x000007fefdc98000 	C:\windows\system32\NSI.dll
0x000007fefb290000 - 0x000007fefb2cb000 	C:\windows\system32\WINMM.dll
0x000007fefc280000 - 0x000007fefc28c000 	C:\windows\system32\VERSION.dll
0x0000000077670000 - 0x0000000077677000 	C:\windows\system32\PSAPI.DLL
0x0000000074f40000 - 0x0000000074f4f000 	C:\Program Files\Java\jdk1.8.0_101\jre\bin\verify.dll
0x0000000074f00000 - 0x0000000074f29000 	C:\Program Files\Java\jdk1.8.0_101\jre\bin\java.dll
0x0000000074ee0000 - 0x0000000074ef6000 	C:\Program Files\Java\jdk1.8.0_101\jre\bin\zip.dll
0x000007fefe780000 - 0x000007feff50c000 	C:\windows\system32\SHELL32.dll
0x000007fefe270000 - 0x000007fefe473000 	C:\windows\system32\ole32.dll
0x000007fefd1f0000 - 0x000007fefd1ff000 	C:\windows\system32\profapi.dll

VM Arguments:
jvm_args: -Djava.awt.headless=true -Xmx1024M -Dfile.encoding=windows-1252 -Duser.country=US -Duser.language=en -Duser.variant 
java_command: com.android.dx.command.Main --dex --force-jumbo --num-threads=4 --multi-dex --output C:\Users\wildcat\AndroidStudioProjects\SeniorProject\app\build\intermediates\transforms\dex\debug\folders\1000\10\com.android.support-support-media-compat-24.2.0_89ebd5effead91f561048190c187287181d16e3a C:\Users\wildcat\AndroidStudioProjects\SeniorProject\app\build\intermediates\exploded-aar\com.android.support\support-media-compat\24.2.0\jars\classes.jar
java_class_path (initial): C:\Users\wildcat\AppData\Local\Android\sdk\build-tools\24.0.2\lib\dx.jar
Launcher Type: SUN_STANDARD

Environment Variables:
PATH=C:\Program Files\Common Files\Microsoft Shared\Windows Live;C:\Program Files (x86)\Common Files\Microsoft Shared\Windows Live;C:\ProgramData\Oracle\Java\javapath;C:\Program Files\Dell\DW WLAN Card;C:\windows\system32;C:\windows;C:\windows\System32\Wbem;C:\windows\System32\WindowsPowerShell\v1.0\;C:\Program Files (x86)\Common Files\Roxio Shared\DLLShared\;C:\Program Files (x86)\QuickTime\QTSystem\;C:\windows\System32\WindowsPowerShell\v1.0\;C:\Program Files (x86)\Windows Live\Shared;C:\Program Files\Microsoft SQL Server\130\Tools\Binn\;C:\Users\wildcat\.dnx\bin;C:\Program Files\Microsoft DNX\Dnvm\;C:\windows\system32\WindowsPowerShell\v1.0\;C:\Python27
USERNAME=wildcat
OS=Windows_NT
PROCESSOR_IDENTIFIER=Intel64 Family 6 Model 60 Stepping 3, GenuineIntel



---------------  S Y S T E M  ---------------

OS: Windows 7 , 64 bit Build 7601 (6.1.7601.23418)

CPU:total 4 (2 cores per cpu, 2 threads per core) family 6 model 60 stepping 3, cmov, cx8, fxsr, mmx, sse, sse2, sse3, ssse3, sse4.1, sse4.2, popcnt, avx, avx2, aes, clmul, erms, lzcnt, ht, tsc, tscinvbit, bmi1, bmi2

Memory: 4k page, physical 8291788k(861156k free), swap 10387080k(40092k free)

vm_info: Java HotSpot(TM) 64-Bit Server VM (25.101-b13) for windows-amd64 JRE (1.8.0_101-b13), built on Jun 22 2016 01:21:29 by "java_re" with MS VC++ 10.0 (VS2010)

time: Wed Sep 07 14:59:23 2016
elapsed time: 4 seconds (0d 0h 0m 4s)

